[main 861e94d] Random update: Mon Feb 10 19:30:01 UTC 2025
 1 file changed, 1 insertion(+)
To github-cron:cristian-sudo/readme-check.git
   9a28fa0..861e94d  main -> main
/bin/sh: 1: /root/cron-job-repo/auto_commit.sh: not found
[main 3254808] Daily update for 2025-02-11
 4 files changed, 13 insertions(+)
 create mode 100644 tips/2025-02-11/javascript.md
 create mode 100644 tips/2025-02-11/laravel.md
 create mode 100644 tips/2025-02-11/php.md
 create mode 100644 tips/2025-02-11/react.md
To github-cron:cristian-sudo/readme-check.git
   6a095ff..3254808  main -> main
[main 68cc4f7] Daily update for 2025-02-11
 1 file changed, 8 insertions(+)
To github-cron:cristian-sudo/readme-check.git
   3254808..68cc4f7  main -> main
[main e4e8acb] Daily update for 2025-02-11
 1 file changed, 4 insertions(+)
To github-cron:cristian-sudo/readme-check.git
   68cc4f7..e4e8acb  main -> main
[main 0e745a6] Daily update for 2025-02-11
 1 file changed, 4 insertions(+)
To github-cron:cristian-sudo/readme-check.git
   e4e8acb..0e745a6  main -> main
[main b970003] Daily update for 2025-02-11
 1 file changed, 4 insertions(+)
To github-cron:cristian-sudo/readme-check.git
   0e745a6..b970003  main -> main
[main d053b3e] Daily update for 2025-02-11
 1 file changed, 4 insertions(+)
To github-cron:cristian-sudo/readme-check.git
   b970003..d053b3e  main -> main
[main fbbddcb] Daily update for 2025-02-11
 1 file changed, 4 insertions(+)
To github-cron:cristian-sudo/readme-check.git
   d053b3e..fbbddcb  main -> main
[main d6e8d02] Daily update for 2025-02-11
 2 files changed, 5 insertions(+), 1 deletion(-)
To github-cron:cristian-sudo/readme-check.git
   fbbddcb..d6e8d02  main -> main
[main 0e35a91] Daily update for 2025-02-11
 2 files changed, 5 insertions(+), 1 deletion(-)
To github-cron:cristian-sudo/readme-check.git
   d6e8d02..0e35a91  main -> main
[main f03397e] Daily update for 2025-02-11
 2 files changed, 5 insertions(+), 1 deletion(-)
To github-cron:cristian-sudo/readme-check.git
   0e35a91..f03397e  main -> main
[main 3dc1776] Daily update for 2025-02-12
 5 files changed, 17 insertions(+)
 create mode 100644 tips/2025-02-12/javascript.md
 create mode 100644 tips/2025-02-12/laravel.md
 create mode 100644 tips/2025-02-12/php.md
 create mode 100644 tips/2025-02-12/react.md
To github-cron:cristian-sudo/readme-check.git
   f03397e..3dc1776  main -> main
[main a99247d] Daily update for 2025-02-12
 2 files changed, 9 insertions(+), 1 deletion(-)
To github-cron:cristian-sudo/readme-check.git
   3dc1776..a99247d  main -> main
[main b366b57] Daily update for 2025-02-12
 1 file changed, 4 insertions(+)
To github-cron:cristian-sudo/readme-check.git
   a99247d..b366b57  main -> main
[main 86f23a7] Daily update for 2025-02-12
 2 files changed, 5 insertions(+), 1 deletion(-)
To github-cron:cristian-sudo/readme-check.git
   b366b57..86f23a7  main -> main
[main 44eeb60] Daily update for 2025-02-12
 2 files changed, 5 insertions(+), 1 deletion(-)
To github-cron:cristian-sudo/readme-check.git
   86f23a7..44eeb60  main -> main
[main 61ffdea] Daily update for 2025-02-12
 2 files changed, 5 insertions(+), 1 deletion(-)
To github-cron:cristian-sudo/readme-check.git
   44eeb60..61ffdea  main -> main
[main ff942e3] Daily update for 2025-02-12
 2 files changed, 5 insertions(+), 1 deletion(-)
To github-cron:cristian-sudo/readme-check.git
   61ffdea..ff942e3  main -> main
[main 3e9ea3a] Daily update for 2025-02-12
 2 files changed, 5 insertions(+), 1 deletion(-)
To github-cron:cristian-sudo/readme-check.git
   ff942e3..3e9ea3a  main -> main
[main 72ae494] Daily update for 2025-02-12
 2 files changed, 5 insertions(+), 1 deletion(-)
To github-cron:cristian-sudo/readme-check.git
   3e9ea3a..72ae494  main -> main
[main b0106b6] Daily update for 2025-02-12
 1 file changed, 4 insertions(+)
To github-cron:cristian-sudo/readme-check.git
   72ae494..b0106b6  main -> main
[main 1c050b3] Daily update for 2025-02-12
 1 file changed, 4 insertions(+)
To github-cron:cristian-sudo/readme-check.git
   b0106b6..1c050b3  main -> main
[main a23aadc] Daily update for 2025-02-12
 1 file changed, 4 insertions(+)
To github-cron:cristian-sudo/readme-check.git
   1c050b3..a23aadc  main -> main
[main 34fd9bb] Daily update for 2025-02-12
 1 file changed, 4 insertions(+)
To github-cron:cristian-sudo/readme-check.git
   a23aadc..34fd9bb  main -> main
[main 21f703a] Daily update for 2025-02-12
 1 file changed, 4 insertions(+)
To github-cron:cristian-sudo/readme-check.git
   34fd9bb..21f703a  main -> main
[main b71fd3b] Daily update for 2025-02-12
 1 file changed, 4 insertions(+)
To github-cron:cristian-sudo/readme-check.git
   21f703a..b71fd3b  main -> main
[main 980af84] Daily update for 2025-02-13
 5 files changed, 17 insertions(+)
 create mode 100644 tips/2025-02-13/javascript.md
 create mode 100644 tips/2025-02-13/laravel.md
 create mode 100644 tips/2025-02-13/php.md
 create mode 100644 tips/2025-02-13/react.md
To github-cron:cristian-sudo/readme-check.git
   b71fd3b..980af84  main -> main
[main 1f4876b] Daily update for 2025-02-13
 1 file changed, 8 insertions(+)
To github-cron:cristian-sudo/readme-check.git
   980af84..1f4876b  main -> main
[main 5b216a7] Daily update for 2025-02-13
 2 files changed, 5 insertions(+), 1 deletion(-)
To github-cron:cristian-sudo/readme-check.git
   1f4876b..5b216a7  main -> main
[main 1b0dec5] Daily update for 2025-02-13
 2 files changed, 5 insertions(+), 1 deletion(-)
To github-cron:cristian-sudo/readme-check.git
   5b216a7..1b0dec5  main -> main
[main 69994b2] Daily update for 2025-02-13
 2 files changed, 5 insertions(+), 1 deletion(-)
To github-cron:cristian-sudo/readme-check.git
   1b0dec5..69994b2  main -> main
[main ba5d75b] Daily update for 2025-02-13
 2 files changed, 5 insertions(+), 1 deletion(-)
To github-cron:cristian-sudo/readme-check.git
   69994b2..ba5d75b  main -> main
[main bddb060] Daily update for 2025-02-13
 2 files changed, 5 insertions(+), 1 deletion(-)
To github-cron:cristian-sudo/readme-check.git
   ba5d75b..bddb060  main -> main
[main 1f766d1] Daily update for 2025-02-13
 1 file changed, 4 insertions(+)
To github-cron:cristian-sudo/readme-check.git
   bddb060..1f766d1  main -> main
[main e73b91e] Daily update for 2025-02-13
 1 file changed, 4 insertions(+)
To github-cron:cristian-sudo/readme-check.git
   1f766d1..e73b91e  main -> main
[main 6b629a3] Daily update for 2025-02-13
 1 file changed, 4 insertions(+)
To github-cron:cristian-sudo/readme-check.git
   e73b91e..6b629a3  main -> main
[main 1bfc6f2] Daily update for 2025-02-13
 2 files changed, 5 insertions(+), 1 deletion(-)
To github-cron:cristian-sudo/readme-check.git
   6b629a3..1bfc6f2  main -> main
